2025-02-19 00:39:12.246 [info] Extension host with pid 5435 started
2025-02-19 00:39:12.246 [info] Skipping acquiring lock for /home/alexandru/.config/Code - OSS/User/workspaceStorage/520c7e0c83f74c0d456b5af36dc5e657.
2025-02-19 00:39:12.371 [info] ExtensionService#_doActivateExtension vscode.emmet, startup: false, activationEvent: 'onLanguage'
2025-02-19 00:39:12.507 [info] ExtensionService#_doActivateExtension vscode.git-base, startup: true, activationEvent: '*', root cause: vscode.git
2025-02-19 00:39:12.517 [info] ExtensionService#_doActivateExtension vscode.git, startup: true, activationEvent: '*'
2025-02-19 00:39:12.669 [info] ExtensionService#_doActivateExtension vscode.github, startup: true, activationEvent: '*'
2025-02-19 00:39:12.804 [info] Eager extensions activated
2025-02-19 00:39:12.876 [info] ExtensionService#_doActivateExtension vscode.debug-auto-launch, startup: false, activationEvent: 'onStartupFinished'
2025-02-19 00:39:12.955 [info] ExtensionService#_doActivateExtension vscode.merge-conflict, startup: false, activationEvent: 'onStartupFinished'
2025-02-19 00:39:13.386 [info] ExtensionService#_doActivateExtension vscode.github-authentication, startup: false, activationEvent: 'onAuthenticationRequest:github'
2025-02-19 01:04:02.169 [info] Extension host terminating: renderer closed the MessagePort
2025-02-19 01:04:02.218 [error] Canceled: Canceled
	at new IT (file:///usr/lib/code-oss/resources/app/out/vs/workbench/api/node/extensionHostProcess.js:32:110702)
	at Dy.U (file:///usr/lib/code-oss/resources/app/out/vs/workbench/api/node/extensionHostProcess.js:32:115312)
	at s.<computed>.n.charCodeAt.s.<computed> (file:///usr/lib/code-oss/resources/app/out/vs/workbench/api/node/extensionHostProcess.js:32:112806)
	at cw.g (file:///usr/lib/code-oss/resources/app/out/vs/workbench/api/node/extensionHostProcess.js:115:32313)
	at cw.executeCommand (file:///usr/lib/code-oss/resources/app/out/vs/workbench/api/node/extensionHostProcess.js:115:31817)
	at r.registerCommand.description (file:///usr/lib/code-oss/resources/app/out/vs/workbench/api/node/extensionHostProcess.js:115:31147)
	at cw.h (file:///usr/lib/code-oss/resources/app/out/vs/workbench/api/node/extensionHostProcess.js:115:32833)
	at cw.g (file:///usr/lib/code-oss/resources/app/out/vs/workbench/api/node/extensionHostProcess.js:115:31910)
	at cw.executeCommand (file:///usr/lib/code-oss/resources/app/out/vs/workbench/api/node/extensionHostProcess.js:115:31817)
	at Object.executeCommand (file:///usr/lib/code-oss/resources/app/out/vs/workbench/api/node/extensionHostProcess.js:157:37484)
	at kh.L [as value] (/usr/lib/code-oss/resources/app/extensions/git/dist/main.js:2:975550)
	at P.B (file:///usr/lib/code-oss/resources/app/out/vs/workbench/api/node/extensionHostProcess.js:30:746)
	at P.C (file:///usr/lib/code-oss/resources/app/out/vs/workbench/api/node/extensionHostProcess.js:30:816)
	at P.fire (file:///usr/lib/code-oss/resources/app/out/vs/workbench/api/node/extensionHostProcess.js:30:1033)
	at Object.p [as dispose] (/usr/lib/code-oss/resources/app/extensions/git/dist/main.js:2:997107)
	at /usr/lib/code-oss/resources/app/extensions/git/dist/main.js:2:1003229
	at Array.forEach (<anonymous>)
	at b.dispose (/usr/lib/code-oss/resources/app/extensions/git/dist/main.js:2:1003215)
	at ev.<anonymous> (file:///usr/lib/code-oss/resources/app/out/vs/workbench/api/node/extensionHostProcess.js:109:20047)
	at ev.dispose (file:///usr/lib/code-oss/resources/app/out/vs/workbench/api/node/extensionHostProcess.js:109:20143)
	at ev.<anonymous> (/usr/lib/code-oss/resources/app/extensions/git/dist/main.js:2:978029)
	at ev.dispose (file:///usr/lib/code-oss/resources/app/out/vs/workbench/api/node/extensionHostProcess.js:109:20143)
	at ai (file:///usr/lib/code-oss/resources/app/out/vs/workbench/api/node/extensionHostProcess.js:25:699)
	at file:///usr/lib/code-oss/resources/app/out/vs/workbench/api/node/extensionHostProcess.js:119:14992
	at file:///usr/lib/code-oss/resources/app/out/vs/workbench/api/node/extensionHostProcess.js:25:1009
	at Object.dispose (file:///usr/lib/code-oss/resources/app/out/vs/workbench/api/node/extensionHostProcess.js:8:705)
	at zz.eb (file:///usr/lib/code-oss/resources/app/out/vs/workbench/api/node/extensionHostProcess.js:119:11919)
	at file:///usr/lib/code-oss/resources/app/out/vs/workbench/api/node/extensionHostProcess.js:119:9874
	at Array.map (<anonymous>)
	at zz.$ (file:///usr/lib/code-oss/resources/app/out/vs/workbench/api/node/extensionHostProcess.js:119:9862)
	at zz.terminate (file:///usr/lib/code-oss/resources/app/out/vs/workbench/api/node/extensionHostProcess.js:119:10105)
	at QC.terminate (file:///usr/lib/code-oss/resources/app/out/vs/workbench/api/node/extensionHostProcess.js:120:1424)
	at Zi (file:///usr/lib/code-oss/resources/app/out/vs/workbench/api/node/extensionHostProcess.js:175:15080)
	at MessagePortMain.<anonymous> (file:///usr/lib/code-oss/resources/app/out/vs/workbench/api/node/extensionHostProcess.js:175:11628)
	at MessagePortMain.emit (node:events:518:28)
	at MessagePortMain._internalPort.emit (node:electron/js2c/utility_init:2:2949) setContext undefined
2025-02-19 01:04:02.222 [error] Canceled: Canceled
	at new IT (file:///usr/lib/code-oss/resources/app/out/vs/workbench/api/node/extensionHostProcess.js:32:110702)
	at Dy.U (file:///usr/lib/code-oss/resources/app/out/vs/workbench/api/node/extensionHostProcess.js:32:115312)
	at s.<computed>.n.charCodeAt.s.<computed> (file:///usr/lib/code-oss/resources/app/out/vs/workbench/api/node/extensionHostProcess.js:32:112806)
	at cw.g (file:///usr/lib/code-oss/resources/app/out/vs/workbench/api/node/extensionHostProcess.js:115:32313)
	at cw.executeCommand (file:///usr/lib/code-oss/resources/app/out/vs/workbench/api/node/extensionHostProcess.js:115:31817)
	at r.registerCommand.description (file:///usr/lib/code-oss/resources/app/out/vs/workbench/api/node/extensionHostProcess.js:115:31147)
	at cw.h (file:///usr/lib/code-oss/resources/app/out/vs/workbench/api/node/extensionHostProcess.js:115:32833)
	at cw.g (file:///usr/lib/code-oss/resources/app/out/vs/workbench/api/node/extensionHostProcess.js:115:31910)
	at cw.executeCommand (file:///usr/lib/code-oss/resources/app/out/vs/workbench/api/node/extensionHostProcess.js:115:31817)
	at Object.executeCommand (file:///usr/lib/code-oss/resources/app/out/vs/workbench/api/node/extensionHostProcess.js:157:37484)
	at set hasGitHubRepositories (/usr/lib/code-oss/resources/app/extensions/github/dist/extension.js:2:328582)
	at /usr/lib/code-oss/resources/app/extensions/github/dist/extension.js:2:329541
	at kh.value (/usr/lib/code-oss/resources/app/extensions/git/dist/main.js:2:1088411)
	at P.B (file:///usr/lib/code-oss/resources/app/out/vs/workbench/api/node/extensionHostProcess.js:30:746)
	at P.C (file:///usr/lib/code-oss/resources/app/out/vs/workbench/api/node/extensionHostProcess.js:30:816)
	at P.fire (file:///usr/lib/code-oss/resources/app/out/vs/workbench/api/node/extensionHostProcess.js:30:1033)
	at Object.p [as dispose] (/usr/lib/code-oss/resources/app/extensions/git/dist/main.js:2:997107)
	at /usr/lib/code-oss/resources/app/extensions/git/dist/main.js:2:1003229
	at Array.forEach (<anonymous>)
	at b.dispose (/usr/lib/code-oss/resources/app/extensions/git/dist/main.js:2:1003215)
	at ev.<anonymous> (file:///usr/lib/code-oss/resources/app/out/vs/workbench/api/node/extensionHostProcess.js:109:20047)
	at ev.dispose (file:///usr/lib/code-oss/resources/app/out/vs/workbench/api/node/extensionHostProcess.js:109:20143)
	at ev.<anonymous> (/usr/lib/code-oss/resources/app/extensions/git/dist/main.js:2:978029)
	at ev.dispose (file:///usr/lib/code-oss/resources/app/out/vs/workbench/api/node/extensionHostProcess.js:109:20143)
	at ai (file:///usr/lib/code-oss/resources/app/out/vs/workbench/api/node/extensionHostProcess.js:25:699)
	at file:///usr/lib/code-oss/resources/app/out/vs/workbench/api/node/extensionHostProcess.js:119:14992
	at file:///usr/lib/code-oss/resources/app/out/vs/workbench/api/node/extensionHostProcess.js:25:1009
	at Object.dispose (file:///usr/lib/code-oss/resources/app/out/vs/workbench/api/node/extensionHostProcess.js:8:705)
	at zz.eb (file:///usr/lib/code-oss/resources/app/out/vs/workbench/api/node/extensionHostProcess.js:119:11919)
	at file:///usr/lib/code-oss/resources/app/out/vs/workbench/api/node/extensionHostProcess.js:119:9874
	at Array.map (<anonymous>)
	at zz.$ (file:///usr/lib/code-oss/resources/app/out/vs/workbench/api/node/extensionHostProcess.js:119:9862)
	at zz.terminate (file:///usr/lib/code-oss/resources/app/out/vs/workbench/api/node/extensionHostProcess.js:119:10105)
	at QC.terminate (file:///usr/lib/code-oss/resources/app/out/vs/workbench/api/node/extensionHostProcess.js:120:1424)
	at Zi (file:///usr/lib/code-oss/resources/app/out/vs/workbench/api/node/extensionHostProcess.js:175:15080)
	at MessagePortMain.<anonymous> (file:///usr/lib/code-oss/resources/app/out/vs/workbench/api/node/extensionHostProcess.js:175:11628)
	at MessagePortMain.emit (node:events:518:28)
	at MessagePortMain._internalPort.emit (node:electron/js2c/utility_init:2:2949) setContext undefined
2025-02-19 01:04:02.222 [info] Extension host with pid 5435 exiting with code 0
