2025-02-18 13:01:38.915 [info] Extension host with pid 4120 started
2025-02-18 13:01:38.915 [info] Skipping acquiring lock for /home/alexandru/.config/Code - OSS/User/workspaceStorage/520c7e0c83f74c0d456b5af36dc5e657.
2025-02-18 13:01:39.022 [info] ExtensionService#_doActivateExtension vscode.emmet, startup: false, activationEvent: 'onLanguage'
2025-02-18 13:01:39.132 [info] ExtensionService#_doActivateExtension vscode.git-base, startup: true, activationEvent: '*', root cause: vscode.git
2025-02-18 13:01:39.139 [info] ExtensionService#_doActivateExtension vscode.git, startup: true, activationEvent: '*'
2025-02-18 13:01:39.271 [info] ExtensionService#_doActivateExtension vscode.github, startup: true, activationEvent: '*'
2025-02-18 13:01:39.566 [info] Eager extensions activated
2025-02-18 13:01:39.599 [info] ExtensionService#_doActivateExtension vscode.debug-auto-launch, startup: false, activationEvent: 'onStartupFinished'
2025-02-18 13:01:39.602 [info] ExtensionService#_doActivateExtension vscode.merge-conflict, startup: false, activationEvent: 'onStartupFinished'
2025-02-18 13:01:40.041 [info] ExtensionService#_doActivateExtension vscode.github-authentication, startup: false, activationEvent: 'onAuthenticationRequest:github'
2025-02-18 13:28:08.866 [warning] [Decorations] CAPPING events from decorations provider vscode.git 494
2025-02-18 13:28:09.427 [warning] [Decorations] CAPPING events from decorations provider vscode.git 494
2025-02-18 13:33:08.630 [warning] [Decorations] CAPPING events from decorations provider vscode.git 494
2025-02-18 13:46:40.293 [warning] [Decorations] CAPPING events from decorations provider vscode.git 1166
2025-02-18 13:49:31.180 [warning] [Decorations] CAPPING events from decorations provider vscode.git 1166
2025-02-18 14:04:25.246 [warning] [Decorations] CAPPING events from decorations provider vscode.git 1168
2025-02-18 14:05:40.577 [warning] [Decorations] CAPPING events from decorations provider vscode.git 1168
2025-02-18 14:07:47.935 [warning] [Decorations] CAPPING events from decorations provider vscode.git 1169
2025-02-18 14:24:02.266 [warning] [Decorations] CAPPING events from decorations provider vscode.git 1172
2025-02-18 14:24:07.432 [warning] [Decorations] CAPPING events from decorations provider vscode.git 1171
2025-02-18 14:24:47.910 [warning] [Decorations] CAPPING events from decorations provider vscode.git 1171
2025-02-18 14:31:28.197 [warning] [Decorations] CAPPING events from decorations provider vscode.git 1171
