2025-02-19 00:39:12.863 [info] [main] Log level: Info
2025-02-19 00:39:12.863 [info] [main] Validating found git in: "git"
2025-02-19 00:39:12.863 [info] [main] Using git "2.47.2" from "git"
2025-02-19 00:39:12.863 [info] [Model][doInitialScan] Initial repository scan started
2025-02-19 00:39:12.863 [info] > git rev-parse --show-toplevel [2ms]
2025-02-19 00:39:12.863 [info] fatal: not a git repository (or any of the parent directories): .git
2025-02-19 00:39:12.863 [info] > git rev-parse --show-toplevel [2ms]
2025-02-19 00:39:12.863 [info] fatal: not a git repository (or any of the parent directories): .git
2025-02-19 00:39:12.863 [info] > git rev-parse --show-toplevel [8ms]
2025-02-19 00:39:12.863 [info] fatal: not a git repository (or any of the parent directories): .git
2025-02-19 00:39:12.863 [info] > git rev-parse --show-toplevel [2ms]
2025-02-19 00:39:12.863 [info] fatal: not a git repository (or any of the parent directories): .git
2025-02-19 00:39:12.863 [info] > git rev-parse --show-toplevel [4ms]
2025-02-19 00:39:12.863 [info] fatal: not a git repository (or any of the parent directories): .git
2025-02-19 00:39:12.863 [info] > git rev-parse --show-toplevel [6ms]
2025-02-19 00:39:12.863 [info] fatal: not a git repository (or any of the parent directories): .git
2025-02-19 00:39:12.864 [info] > git rev-parse --show-toplevel [3ms]
2025-02-19 00:39:12.864 [info] fatal: not a git repository (or any of the parent directories): .git
2025-02-19 00:39:12.875 [info] > git rev-parse --show-toplevel [3ms]
2025-02-19 00:39:12.875 [info] fatal: not a git repository (or any of the parent directories): .git
2025-02-19 00:39:13.061 [info] > git rev-parse --show-toplevel [16ms]
2025-02-19 00:39:13.061 [info] fatal: not a git repository (or any of the parent directories): .git
2025-02-19 00:39:13.074 [info] > git rev-parse --show-toplevel [2ms]
2025-02-19 00:39:13.074 [info] fatal: not a git repository (or any of the parent directories): .git
2025-02-19 00:39:13.083 [info] > git rev-parse --show-toplevel [2ms]
2025-02-19 00:39:13.083 [info] fatal: not a git repository (or any of the parent directories): .git
2025-02-19 00:39:13.093 [info] > git rev-parse --show-toplevel [1ms]
2025-02-19 00:39:13.094 [info] fatal: not a git repository (or any of the parent directories): .git
2025-02-19 00:39:13.118 [info] > git rev-parse --show-toplevel [5ms]
2025-02-19 00:39:13.129 [info] > git rev-parse --git-dir --git-common-dir [1ms]
2025-02-19 00:39:13.156 [info] [Model][openRepository] Opened repository: /home/alexandru/foot
2025-02-19 00:39:13.180 [info] > git config --get commit.template [9ms]
2025-02-19 00:39:13.181 [info] > git rev-parse --show-toplevel [3ms]
2025-02-19 00:39:13.181 [info] fatal: not a git repository (or any of the parent directories): .git
2025-02-19 00:39:13.201 [info] > git for-each-ref --format=%(refname)%00%(upstream:short)%00%(objectname)%00%(upstream:track)%00%(upstream:remotename)%00%(upstream:remoteref) refs/heads/main refs/remotes/main [10ms]
2025-02-19 00:39:13.209 [warning] [Git][revParse] Unable to read file: ENOENT: no such file or directory, open '/home/alexandru/foot/.git/refs/remotes/origin/main'
2025-02-19 00:39:13.210 [info] > git rev-parse --show-toplevel [10ms]
2025-02-19 00:39:13.210 [info] fatal: detected dubious ownership in repository at '/home/alexandru/swaywm-dotfiles'
To add an exception for this directory, call:

	git config --global --add safe.directory /home/alexandru/swaywm-dotfiles
2025-02-19 00:39:13.213 [info] [Model][doInitialScan] Initial repository scan completed - repositories (1), closed repositories (0), parent repositories (0), unsafe repositories (1)
2025-02-19 00:39:13.214 [info] > git rev-parse refs/remotes/origin/main [4ms]
2025-02-19 00:39:13.245 [info] > git status -z -uall [22ms]
2025-02-19 00:39:13.249 [info] > git rev-parse --show-toplevel [5ms]
2025-02-19 00:39:13.249 [info] fatal: not a git repository (or any of the parent directories): .git
2025-02-19 00:39:13.249 [info] > git for-each-ref --sort -committerdate --format %(refname) %(objectname) %(*objectname) [15ms]
2025-02-19 00:39:13.280 [info] > git for-each-ref --format=%(refname)%00%(upstream:short)%00%(objectname)%00%(upstream:track)%00%(upstream:remotename)%00%(upstream:remoteref) refs/heads/main refs/remotes/main [14ms]
2025-02-19 00:39:13.292 [info] > git config --get commit.template [12ms]
2025-02-19 00:39:13.295 [info] > git config --local branch.main.vscode-merge-base [3ms]
2025-02-19 00:39:13.316 [info] > git for-each-ref --format=%(refname)%00%(upstream:short)%00%(objectname)%00%(upstream:track)%00%(upstream:remotename)%00%(upstream:remoteref) refs/heads/main refs/remotes/main [3ms]
2025-02-19 00:39:13.316 [info] > git for-each-ref --format=%(refname)%00%(upstream:short)%00%(objectname)%00%(upstream:track)%00%(upstream:remotename)%00%(upstream:remoteref) refs/heads/origin/main refs/remotes/origin/main [12ms]
2025-02-19 00:39:13.369 [warning] [Git][revParse] Unable to read file: ENOENT: no such file or directory, open '/home/alexandru/foot/.git/refs/remotes/origin/main'
2025-02-19 00:39:13.370 [info] > git merge-base refs/heads/main refs/remotes/origin/main [44ms]
2025-02-19 00:39:13.460 [info] > git diff --name-status -z --diff-filter=ADMR 962ff1a5b6387bc5419e9788a773a080eea5f1e1...refs/remotes/origin/main [78ms]
2025-02-19 00:39:13.461 [info] > git rev-parse refs/remotes/origin/main [92ms]
2025-02-19 00:39:13.483 [info] > git status -z -uall [15ms]
2025-02-19 00:39:13.484 [info] > git for-each-ref --sort -committerdate --format %(refname) %(objectname) %(*objectname) [6ms]
2025-02-19 00:39:13.508 [info] > git rev-parse --show-toplevel [2ms]
2025-02-19 00:39:13.508 [info] fatal: not a git repository (or any of the parent directories): .git
2025-02-19 00:43:49.647 [info] > git rev-parse --show-toplevel [1ms]
2025-02-19 00:43:49.647 [info] fatal: not a git repository (or any of the parent directories): .git
2025-02-19 00:45:22.967 [info] > git rev-parse --show-toplevel [3ms]
2025-02-19 00:45:22.967 [info] fatal: not a git repository (or any of the parent directories): .git
2025-02-19 00:46:17.423 [info] > git check-ignore -v -z --stdin [7ms]
