2025-02-19 10:00:00.773 [info] [main] Log level: Info
2025-02-19 10:00:00.773 [info] [main] Validating found git in: "git"
2025-02-19 10:00:00.773 [info] [main] Using git "2.47.2" from "git"
2025-02-19 10:00:00.773 [info] [Model][doInitialScan] Initial repository scan started
2025-02-19 10:00:00.773 [info] > git rev-parse --show-toplevel [14ms]
2025-02-19 10:00:00.773 [info] fatal: not a git repository (or any of the parent directories): .git
2025-02-19 10:00:00.773 [info] > git rev-parse --show-toplevel [4ms]
2025-02-19 10:00:00.773 [info] fatal: not a git repository (or any of the parent directories): .git
2025-02-19 10:00:00.775 [info] > git rev-parse --show-toplevel [7ms]
2025-02-19 10:00:00.775 [info] fatal: not a git repository (or any of the parent directories): .git
2025-02-19 10:00:00.790 [info] > git rev-parse --show-toplevel [2ms]
2025-02-19 10:00:00.790 [info] fatal: not a git repository (or any of the parent directories): .git
2025-02-19 10:00:00.801 [info] > git rev-parse --show-toplevel [2ms]
2025-02-19 10:00:00.801 [info] fatal: not a git repository (or any of the parent directories): .git
2025-02-19 10:00:00.812 [info] > git rev-parse --show-toplevel [1ms]
2025-02-19 10:00:00.812 [info] fatal: not a git repository (or any of the parent directories): .git
2025-02-19 10:00:00.821 [info] > git rev-parse --show-toplevel [1ms]
2025-02-19 10:00:00.821 [info] fatal: not a git repository (or any of the parent directories): .git
2025-02-19 10:00:00.832 [info] > git rev-parse --show-toplevel [2ms]
2025-02-19 10:00:00.832 [info] fatal: not a git repository (or any of the parent directories): .git
2025-02-19 10:00:00.842 [info] > git rev-parse --show-toplevel [2ms]
2025-02-19 10:00:00.842 [info] fatal: not a git repository (or any of the parent directories): .git
2025-02-19 10:00:00.853 [info] > git rev-parse --show-toplevel [2ms]
2025-02-19 10:00:00.853 [info] fatal: not a git repository (or any of the parent directories): .git
2025-02-19 10:00:00.862 [info] > git rev-parse --show-toplevel [2ms]
2025-02-19 10:00:00.862 [info] fatal: not a git repository (or any of the parent directories): .git
2025-02-19 10:00:00.871 [info] > git rev-parse --show-toplevel [1ms]
2025-02-19 10:00:00.871 [info] fatal: not a git repository (or any of the parent directories): .git
2025-02-19 10:00:00.879 [info] > git rev-parse --show-toplevel [1ms]
2025-02-19 10:00:00.880 [info] fatal: not a git repository (or any of the parent directories): .git
2025-02-19 10:00:00.889 [info] > git rev-parse --show-toplevel [2ms]
2025-02-19 10:00:00.899 [info] > git rev-parse --git-dir --git-common-dir [2ms]
2025-02-19 10:00:00.920 [info] [Model][openRepository] Opened repository: /home/alexandru/foot
2025-02-19 10:00:00.943 [info] > git rev-parse --show-toplevel [4ms]
2025-02-19 10:00:00.943 [info] fatal: not a git repository (or any of the parent directories): .git
2025-02-19 10:00:00.944 [info] > git config --get commit.template [11ms]
2025-02-19 10:00:00.967 [info] > git rev-parse --show-toplevel [13ms]
2025-02-19 10:00:00.967 [info] fatal: detected dubious ownership in repository at '/home/alexandru/swaywm-dotfiles'
To add an exception for this directory, call:

	git config --global --add safe.directory /home/alexandru/swaywm-dotfiles
2025-02-19 10:00:00.970 [info] [Model][doInitialScan] Initial repository scan completed - repositories (1), closed repositories (0), parent repositories (0), unsafe repositories (1)
2025-02-19 10:00:00.971 [info] > git for-each-ref --format=%(refname)%00%(upstream:short)%00%(objectname)%00%(upstream:track)%00%(upstream:remotename)%00%(upstream:remoteref) refs/heads/main refs/remotes/main [7ms]
2025-02-19 10:00:00.981 [warning] [Git][revParse] Unable to read file: ENOENT: no such file or directory, open '/home/alexandru/foot/.git/refs/remotes/origin/main'
2025-02-19 10:00:00.982 [info] > git rev-parse refs/remotes/origin/main [2ms]
2025-02-19 10:00:01.001 [info] > git status -z -uall [10ms]
2025-02-19 10:00:01.003 [info] > git for-each-ref --sort -committerdate --format %(refname) %(objectname) %(*objectname) [3ms]
2025-02-19 10:00:01.032 [info] > git for-each-ref --format=%(refname)%00%(upstream:short)%00%(objectname)%00%(upstream:track)%00%(upstream:remotename)%00%(upstream:remoteref) refs/heads/main refs/remotes/main [14ms]
2025-02-19 10:00:01.044 [info] > git config --get commit.template [12ms]
2025-02-19 10:00:01.046 [info] > git config --local branch.main.vscode-merge-base [3ms]
2025-02-19 10:00:01.064 [info] > git for-each-ref --format=%(refname)%00%(upstream:short)%00%(objectname)%00%(upstream:track)%00%(upstream:remotename)%00%(upstream:remoteref) refs/heads/origin/main refs/remotes/origin/main [9ms]
2025-02-19 10:00:01.118 [info] > git merge-base refs/heads/main refs/remotes/origin/main [44ms]
2025-02-19 10:00:01.128 [info] > git for-each-ref --format=%(refname)%00%(upstream:short)%00%(objectname)%00%(upstream:track)%00%(upstream:remotename)%00%(upstream:remoteref) refs/heads/main refs/remotes/main [65ms]
2025-02-19 10:00:01.142 [warning] [Git][revParse] Unable to read file: ENOENT: no such file or directory, open '/home/alexandru/foot/.git/refs/remotes/origin/main'
2025-02-19 10:00:01.146 [info] > git diff --name-status -z --diff-filter=ADMR 962ff1a5b6387bc5419e9788a773a080eea5f1e1...refs/remotes/origin/main [18ms]
2025-02-19 10:00:01.168 [info] > git rev-parse refs/remotes/origin/main [25ms]
2025-02-19 10:00:01.280 [info] > git status -z -uall [102ms]
2025-02-19 10:00:01.280 [info] > git for-each-ref --sort -committerdate --format %(refname) %(objectname) %(*objectname) [91ms]
2025-02-19 10:00:01.287 [info] > git rev-parse --show-toplevel [120ms]
2025-02-19 10:00:01.287 [info] fatal: not a git repository (or any of the parent directories): .git
